<?xml version="1.0" encoding="UTF-8"?>
<!-- Generated by org.testng.reporters.JUnitXMLReporter -->
<testsuite hostname="Sandunis-MacBook-Air.local" failures="0" tests="8" name="Test" time="2.949" errors="0" timestamp="5 Sep 2024 15:24:30 GMT">
  <testcase classname="org.testing.testScripts.TC7_GetAllRequestOnDummyRESTAPI" name="testCase3" time="0.425"/>
  <testcase classname="org.testing.testScripts.TC2_PostRequestOnDummyAPI" name="testcasedummy" time="0.02"/>
  <testcase classname="org.testing.testScripts.TC6_DELETERequest" name="testCase8" time="0.556"/>
  <testcase classname="org.testing.testScripts.TC5_PutRequest" name="testCase7" time="0.517"/>
  <testcase classname="org.testing.testScripts.TC3_GetAllRequest" name="testCase5" time="0.431"/>
  <testcase classname="org.testing.testScripts.TC4_GetParticularRequest" name="testcase3" time="0.448"/>
  <testcase classname="org.testing.testScripts.TC1_PostRequest" name="testCase1" time="0.486"/>
  <testcase classname="org.testing.testScripts.TC8_GetParticularRequestOnDummyRESTAPI" name="testcase4" time="0.015"/>
</testsuite>
