<?xml version="1.0" encoding="UTF-8"?>
<testng-results total="8" passed="8" failed="0" skipped="0">
  <reporter-output>
  </reporter-output>
  <suite started-at="2024-09-05T19:24:27Z" name="Suite" finished-at="2024-09-05T19:24:30Z" duration-ms="2949">
    <groups>
    </groups>
    <test started-at="2024-09-05T19:24:27Z" name="Test" finished-at="2024-09-05T19:24:30Z" duration-ms="2949">
      <class name="org.testing.testScripts.TC2_PostRequestOnDummyAPI">
        <test-method signature="testcasedummy()[pri:0, instance:org.testing.testScripts.TC2_PostRequestOnDummyAPI@d9345cd]" started-at="2024-09-05T19:24:28Z" name="testcasedummy" finished-at="2024-09-05T19:24:28Z" duration-ms="20" status="PASS">
        </test-method>
      </class>
      <class name="org.testing.testScripts.TC4_GetParticularRequest">
        <test-method signature="testcase3()[pri:0, instance:org.testing.testScripts.TC4_GetParticularRequest@59505b48]" started-at="2024-09-05T19:24:29Z" name="testcase3" finished-at="2024-09-05T19:24:30Z" duration-ms="448" status="PASS">
        </test-method>
      </class>
      <class name="org.testing.testScripts.TC6_DELETERequest">
        <test-method signature="testCase8()[pri:0, instance:org.testing.testScripts.TC6_DELETERequest@4efac082]" started-at="2024-09-05T19:24:28Z" name="testCase8" finished-at="2024-09-05T19:24:28Z" duration-ms="556" status="PASS">
        </test-method>
      </class>
      <class name="org.testing.testScripts.TC1_PostRequest">
        <test-method is-config="true" signature="setup()[pri:0, instance:org.testing.testScripts.TC1_PostRequest@4c1909a3]" started-at="2024-09-05T19:24:27Z" name="setup" finished-at="2024-09-05T19:24:27Z" duration-ms="37" status="PASS">
        </test-method>
        <test-method signature="testCase1()[pri:0, instance:org.testing.testScripts.TC1_PostRequest@4c1909a3]" started-at="2024-09-05T19:24:30Z" name="testCase1" finished-at="2024-09-05T19:24:30Z" duration-ms="486" status="PASS">
        </test-method>
      </class>
      <class name="org.testing.testScripts.TC7_GetAllRequestOnDummyRESTAPI">
        <test-method signature="testCase3()[pri:0, instance:org.testing.testScripts.TC7_GetAllRequestOnDummyRESTAPI@29215f06]" started-at="2024-09-05T19:24:27Z" name="testCase3" finished-at="2024-09-05T19:24:28Z" duration-ms="425" status="PASS">
        </test-method>
      </class>
      <class name="org.testing.testScripts.TC5_PutRequest">
        <test-method signature="testCase7()[pri:0, instance:org.testing.testScripts.TC5_PutRequest@2d710f1a]" started-at="2024-09-05T19:24:28Z" name="testCase7" finished-at="2024-09-05T19:24:29Z" duration-ms="517" status="PASS">
        </test-method>
      </class>
      <class name="org.testing.testScripts.TC3_GetAllRequest">
        <test-method signature="testCase5()[pri:0, instance:org.testing.testScripts.TC3_GetAllRequest@428640fa]" started-at="2024-09-05T19:24:29Z" name="testCase5" finished-at="2024-09-05T19:24:29Z" duration-ms="431" status="PASS">
        </test-method>
      </class>
      <class name="org.testing.testScripts.TC8_GetParticularRequestOnDummyRESTAPI">
        <test-method signature="testcase4()[pri:0, instance:org.testing.testScripts.TC8_GetParticularRequestOnDummyRESTAPI@6bd61f98]" started-at="2024-09-05T19:24:30Z" name="testcase4" finished-at="2024-09-05T19:24:30Z" duration-ms="15" status="PASS">
        </test-method>
      </class>
    </test>
  </suite>
</testng-results>
